<?xml version="1.0" encoding="UTF-8"?>
<coverage generated="1634803294548" clover="3.2.0">
  <project timestamp="1634803294549" name="All files">
    <metrics statements="27" coveredstatements="20" conditionals="10" coveredconditionals="4" methods="3" coveredmethods="1" elements="40" coveredelements="25" complexity="0" loc="27" ncloc="27" packages="3" files="4" classes="4"/>
    <package name="config">
      <metrics statements="2" coveredstatements="2" conditionals="8" coveredconditionals="4" methods="0" coveredmethods="0"/>
      <file name="db.config.js" path="C:\Users\akmal\Downloads\fullstack\URL_Shortener\backend\config\db.config.js">
        <metrics statements="2" coveredstatements="2" conditionals="8" coveredconditionals="4" methods="0" coveredmethods="0"/>
        <line num="1" count="1" type="stmt"/>
        <line num="2" count="1" type="stmt"/>
      </file>
    </package>
    <package name="models">
      <metrics statements="11" coveredstatements="11" conditionals="0" coveredconditionals="0" methods="1" coveredmethods="1"/>
      <file name="index.js" path="C:\Users\akmal\Downloads\fullstack\URL_Shortener\backend\models\index.js">
        <metrics statements="8" coveredstatements="8" conditionals="0" coveredconditionals="0" methods="0" coveredmethods="0"/>
        <line num="1" count="1" type="stmt"/>
        <line num="3" count="1" type="stmt"/>
        <line num="4" count="1" type="stmt"/>
        <line num="19" count="1" type="stmt"/>
        <line num="21" count="1" type="stmt"/>
        <line num="22" count="1" type="stmt"/>
        <line num="24" count="1" type="stmt"/>
        <line num="26" count="1" type="stmt"/>
      </file>
      <file name="short.model.js" path="C:\Users\akmal\Downloads\fullstack\URL_Shortener\backend\models\short.model.js">
        <metrics statements="3" coveredstatements="3" conditionals="0" coveredconditionals="0" methods="1" coveredmethods="1"/>
        <line num="1" count="1" type="stmt"/>
        <line num="2" count="1" type="stmt"/>
        <line num="15" count="1" type="stmt"/>
      </file>
    </package>
    <package name="utils">
      <metrics statements="14" coveredstatements="7" conditionals="2" coveredconditionals="0" methods="2" coveredmethods="0"/>
      <file name="helper.js" path="C:\Users\akmal\Downloads\fullstack\URL_Shortener\backend\utils\helper.js">
        <metrics statements="14" coveredstatements="7" conditionals="2" coveredconditionals="0" methods="2" coveredmethods="0"/>
        <line num="1" count="1" type="stmt"/>
        <line num="2" count="1" type="stmt"/>
        <line num="3" count="1" type="stmt"/>
        <line num="4" count="1" type="stmt"/>
        <line num="6" count="1" type="stmt"/>
        <line num="7" count="0" type="stmt"/>
        <line num="8" count="0" type="stmt"/>
        <line num="9" count="0" type="stmt"/>
        <line num="11" count="0" type="stmt"/>
        <line num="14" count="1" type="stmt"/>
        <line num="15" count="0" type="cond" truecount="0" falsecount="2"/>
        <line num="16" count="0" type="stmt"/>
        <line num="18" count="0" type="stmt"/>
        <line num="22" count="1" type="stmt"/>
      </file>
    </package>
  </project>
</coverage>
